<?xml version="1.0" encoding="UTF-8"?>
<!-- Generated by org.testng.reporters.JUnitXMLReporter -->
<testsuite ignored="0" hostname="Sevvelkarans-MacBook-Air.local" failures="0" tests="4" name="Default test" time="71.845" errors="0" timestamp="2025-04-09T09:19:52 IST">
  <testcase classname="Tests.LoginTest" name="Ltest" time="6.031"/>
  <testcase classname="Tests.LoginTest" name="Invalid" time="2.454"/>
  <testcase classname="Tests.LoginTest" name="empty" time="1.196"/>
  <testcase classname="Tests.LoginTest" name="ForgotPass" time="4.344"/>
</testsuite> <!-- Default test -->
