<?xml version="1.0" encoding="UTF-8"?>
<testng-results ignored="0" total="4" passed="4" failed="0" skipped="0">
  <reporter-output>
  </reporter-output>
  <suite started-at="2025-04-09T09:18:40 IST" name="Default suite" finished-at="2025-04-09T09:19:52 IST" duration-ms="71845">
    <groups>
    </groups>
    <test started-at="2025-04-09T09:18:40 IST" name="Default test" finished-at="2025-04-09T09:19:52 IST" duration-ms="71845">
      <class name="Tests.LoginTest">
        <test-method is-config="true" signature="setup()[pri:0, instance:Tests.LoginTest@557caf28]" started-at="2025-04-09T09:18:40 IST" name="setup" finished-at="2025-04-09T09:18:58 IST" duration-ms="17387" status="PASS">
          <reporter-output>
          </reporter-output>
        </test-method> <!-- setup -->
        <test-method is-config="true" signature="setupPage()[pri:0, instance:Tests.LoginTest@557caf28]" started-at="2025-04-09T09:18:58 IST" name="setupPage" finished-at="2025-04-09T09:18:58 IST" duration-ms="58" status="PASS">
          <reporter-output>
          </reporter-output>
        </test-method> <!-- setupPage -->
        <test-method signature="Ltest()[pri:0, instance:Tests.LoginTest@557caf28]" started-at="2025-04-09T09:18:58 IST" name="Ltest" finished-at="2025-04-09T09:19:04 IST" duration-ms="6031" status="PASS">
          <reporter-output>
          </reporter-output>
        </test-method> <!-- Ltest -->
        <test-method is-config="true" signature="End()[pri:0, instance:Tests.LoginTest@557caf28]" started-at="2025-04-09T09:19:04 IST" name="End" finished-at="2025-04-09T09:19:05 IST" duration-ms="1561" status="PASS">
          <reporter-output>
          </reporter-output>
        </test-method> <!-- End -->
        <test-method is-config="true" signature="setup()[pri:0, instance:Tests.LoginTest@557caf28]" started-at="2025-04-09T09:19:05 IST" name="setup" finished-at="2025-04-09T09:19:17 IST" duration-ms="11043" status="PASS">
          <reporter-output>
          </reporter-output>
        </test-method> <!-- setup -->
        <test-method is-config="true" signature="setupPage()[pri:0, instance:Tests.LoginTest@557caf28]" started-at="2025-04-09T09:19:17 IST" name="setupPage" finished-at="2025-04-09T09:19:17 IST" duration-ms="3" status="PASS">
          <reporter-output>
          </reporter-output>
        </test-method> <!-- setupPage -->
        <test-method signature="Invalid()[pri:1, instance:Tests.LoginTest@557caf28]" started-at="2025-04-09T09:19:17 IST" name="Invalid" finished-at="2025-04-09T09:19:19 IST" duration-ms="2454" status="PASS">
          <reporter-output>
          </reporter-output>
        </test-method> <!-- Invalid -->
        <test-method is-config="true" signature="End()[pri:0, instance:Tests.LoginTest@557caf28]" started-at="2025-04-09T09:19:19 IST" name="End" finished-at="2025-04-09T09:19:20 IST" duration-ms="1194" status="PASS">
          <reporter-output>
          </reporter-output>
        </test-method> <!-- End -->
        <test-method is-config="true" signature="setup()[pri:0, instance:Tests.LoginTest@557caf28]" started-at="2025-04-09T09:19:20 IST" name="setup" finished-at="2025-04-09T09:19:33 IST" duration-ms="12684" status="PASS">
          <reporter-output>
          </reporter-output>
        </test-method> <!-- setup -->
        <test-method is-config="true" signature="setupPage()[pri:0, instance:Tests.LoginTest@557caf28]" started-at="2025-04-09T09:19:33 IST" name="setupPage" finished-at="2025-04-09T09:19:33 IST" duration-ms="1" status="PASS">
          <reporter-output>
          </reporter-output>
        </test-method> <!-- setupPage -->
        <test-method signature="empty()[pri:2, instance:Tests.LoginTest@557caf28]" started-at="2025-04-09T09:19:33 IST" name="empty" finished-at="2025-04-09T09:19:34 IST" duration-ms="1196" status="PASS">
          <reporter-output>
          </reporter-output>
        </test-method> <!-- empty -->
        <test-method is-config="true" signature="End()[pri:0, instance:Tests.LoginTest@557caf28]" started-at="2025-04-09T09:19:34 IST" name="End" finished-at="2025-04-09T09:19:35 IST" duration-ms="1194" status="PASS">
          <reporter-output>
          </reporter-output>
        </test-method> <!-- End -->
        <test-method is-config="true" signature="setup()[pri:0, instance:Tests.LoginTest@557caf28]" started-at="2025-04-09T09:19:35 IST" name="setup" finished-at="2025-04-09T09:19:47 IST" duration-ms="11573" status="PASS">
          <reporter-output>
          </reporter-output>
        </test-method> <!-- setup -->
        <test-method is-config="true" signature="setupPage()[pri:0, instance:Tests.LoginTest@557caf28]" started-at="2025-04-09T09:19:47 IST" name="setupPage" finished-at="2025-04-09T09:19:47 IST" duration-ms="1" status="PASS">
          <reporter-output>
          </reporter-output>
        </test-method> <!-- setupPage -->
        <test-method signature="ForgotPass()[pri:3, instance:Tests.LoginTest@557caf28]" started-at="2025-04-09T09:19:47 IST" name="ForgotPass" finished-at="2025-04-09T09:19:51 IST" duration-ms="4344" status="PASS">
          <reporter-output>
          </reporter-output>
        </test-method> <!-- ForgotPass -->
        <test-method is-config="true" signature="End()[pri:0, instance:Tests.LoginTest@557caf28]" started-at="2025-04-09T09:19:51 IST" name="End" finished-at="2025-04-09T09:19:52 IST" duration-ms="1001" status="PASS">
          <reporter-output>
          </reporter-output>
        </test-method> <!-- End -->
      </class> <!-- Tests.LoginTest -->
    </test> <!-- Default test -->
  </suite> <!-- Default suite -->
</testng-results>
